<?xml version="1.0" encoding="UTF-8"?>
<testsuite xmlns:xsi="http://www.w3.org/2001/XMLSchema-instance" xsi:noNamespaceSchemaLocation="https://maven.apache.org/surefire/maven-surefire-plugin/xsd/surefire-test-report-3.0.xsd" version="3.0" name="test.java.TestRunner" time="29.629" tests="1" errors="0" skipped="0" failures="0">
  <properties>
[...]
</properties>
  <testcase name="Add, Search, and Delete a User" classname="Admin Page User Management" time="29.318">
    <system-out><![CDATA[
Scenario: Add, Search, and Delete a User                      &amp#27;[90m# src/test/resources/features/admin.feature:3&amp#27;[0m
Setting up WebDriver
  &amp#27;[32mGiven &amp#27;[0m&amp#27;[32mthe user is on the OrangeHRM login page&amp#27;[0m               &amp#27;[90m# test.java.stepDefinitions.AdminSteps.openLoginPage()&amp#27;[0m
  &amp#27;[32mWhen &amp#27;[0m&amp#27;[32mthe user enters &amp#27;[0m&amp#27;[32m&amp#27;[1m"Admin"&amp#27;[0m&amp#27;[32m as username&amp#27;[0m                    &amp#27;[90m# test.java.stepDefinitions.AdminSteps.enterUsername(java.lang.String)&amp#27;[0m
  &amp#27;[32mAnd &amp#27;[0m&amp#27;[32mthe user enters &amp#27;[0m&amp#27;[32m&amp#27;[1m"admin123"&amp#27;[0m&amp#27;[32m as password&amp#27;[0m                  &amp#27;[90m# test.java.stepDefinitions.AdminSteps.enterPassword(java.lang.String)&amp#27;[0m
  &amp#27;[32mAnd &amp#27;[0m&amp#27;[32mthe user clicks on the login button&amp#27;[0m                     &amp#27;[90m# test.java.stepDefinitions.AdminSteps.clickLoginButton()&amp#27;[0m
  &amp#27;[32mAnd &amp#27;[0m&amp#27;[32mclicks on the PIM tab&amp#27;[0m                                   &amp#27;[90m# test.java.stepDefinitions.AdminSteps.clicks_on_the_pim_tab()&amp#27;[0m
  &amp#27;[32mAnd &amp#27;[0m&amp#27;[32muser click on the Add Employee tab&amp#27;[0m                      &amp#27;[90m# test.java.stepDefinitions.AdminSteps.user_click_on_the_add_employee_tab()&amp#27;[0m
First name: <firstname>
  &amp#27;[32mAnd &amp#27;[0m&amp#27;[32mthe user enters employee first name &amp#27;[0m&amp#27;[32m&amp#27;[1m"<firstname>"&amp#27;[0m       &amp#27;[90m# test.java.stepDefinitions.AdminSteps.the_user_enters_employee_first_name(java.lang.String)&amp#27;[0m
Last name: VonRueden
  &amp#27;[32mAnd &amp#27;[0m&amp#27;[32mthe user enters employee last name &amp#27;[0m&amp#27;[32m&amp#27;[1m"<lastname>"&amp#27;[0m         &amp#27;[90m# test.java.stepDefinitions.AdminSteps.the_user_enters_employee_last_name(java.lang.String)&amp#27;[0m
Employee ID: 74054
  &amp#27;[32mAnd &amp#27;[0m&amp#27;[32mthe user enters employee id &amp#27;[0m&amp#27;[32m&amp#27;[1m"<id>"&amp#27;[0m                      &amp#27;[90m# test.java.stepDefinitions.AdminSteps.the_user_enters_employee_id(java.lang.String)&amp#27;[0m
Employee name: Craig VonRueden
  &amp#27;[32mAnd &amp#27;[0m&amp#27;[32muser saves the employee data&amp#27;[0m                            &amp#27;[90m# test.java.stepDefinitions.AdminSteps.user_saves_the_employee_data()&amp#27;[0m
  &amp#27;[32mAnd &amp#27;[0m&amp#27;[32mthe user clicks on the Admin tab&amp#27;[0m                        &amp#27;[90m# test.java.stepDefinitions.AdminSteps.clickAdminTab()&amp#27;[0m
Number of records text: (11) Records Found
Number of records: 11
  &amp#27;[32mThen &amp#27;[0m&amp#27;[32mthe user should see the number of records found&amp#27;[0m        &amp#27;[90m# test.java.stepDefinitions.AdminSteps.getNumberOfRecords()&amp#27;[0m
  &amp#27;[32mWhen &amp#27;[0m&amp#27;[32mthe user clicks on the Add button&amp#27;[0m                      &amp#27;[90m# test.java.stepDefinitions.AdminSteps.clickAddButton()&amp#27;[0m
  &amp#27;[32mAnd &amp#27;[0m&amp#27;[32mthe user fills the required data&amp#27;[0m                        &amp#27;[90m# test.java.stepDefinitions.AdminSteps.fillRequiredData()&amp#27;[0m
  &amp#27;[32mAnd &amp#27;[0m&amp#27;[32mthe user clicks on the Save button&amp#27;[0m                      &amp#27;[90m# test.java.stepDefinitions.AdminSteps.clickSaveButton()&amp#27;[0m
Number of records text: (12) Records Found
Number of records: 12
The record count has increased.
  &amp#27;[32mThen &amp#27;[0m&amp#27;[32mthe number of records should increase by one&amp#27;[0m           &amp#27;[90m# test.java.stepDefinitions.AdminSteps.verifyRecordIncrease()&amp#27;[0m
  &amp#27;[32mWhen &amp#27;[0m&amp#27;[32mthe user searches for the new user by username&amp#27;[0m         &amp#27;[90m# test.java.stepDefinitions.AdminSteps.searchForUser()&amp#27;[0m
  &amp#27;[32mThen &amp#27;[0m&amp#27;[32mthe user should see the new user in the search results&amp#27;[0m &amp#27;[90m# test.java.stepDefinitions.AdminSteps.verifyUserFound()&amp#27;[0m
  &amp#27;[32mWhen &amp#27;[0m&amp#27;[32mthe user deletes the new user&amp#27;[0m                          &amp#27;[90m# test.java.stepDefinitions.AdminSteps.deleteUser()&amp#27;[0m
Number of records text: (11) Records Found
Number of records: 11
The record count has not decreased.
  &amp#27;[32mThen &amp#27;[0m&amp#27;[32mthe number of records should decrease by &amp#27;[0m&amp#27;[32m&amp#27;[1m1&amp#27;[0m             &amp#27;[90m# test.java.stepDefinitions.AdminSteps.verifyRecordDecrease(int)&amp#27;[0m
Tearing down WebDriver
]]></system-out>
    <system-err><![CDATA[Nov 23, 2024 6:46:11 PM org.openqa.selenium.manager.SeleniumManager lambda$runCommand$1
WARNING: The chromedriver version (130.0.6723.58) detected in PATH at /opt/homebrew/bin/chromedriver might not be compatible with the detected chrome version (131.0.6778.86); currently, chromedriver 131.0.6778.85 is recommended for chrome 131.*, so it is advised to delete the driver in PATH and retry
SLF4J: Failed to load class "org.slf4j.impl.StaticLoggerBinder".
SLF4J: Defaulting to no-operation (NOP) logger implementation
SLF4J: See http://www.slf4j.org/codes.html#StaticLoggerBinder for further details.
ERROR StatusLogger Log4j2 could not find a logging implementation. Please add log4j-core to the classpath. Using SimpleLogger to log to the console...
Nov 23, 2024 6:46:12 PM org.openqa.selenium.devtools.CdpVersionFinder findNearestMatch
WARNING: Unable to find CDP implementation matching 131
Nov 23, 2024 6:46:12 PM org.openqa.selenium.chromium.ChromiumDriver lambda$new$5
WARNING: Unable to find version of CDP to use for 131.0.6778.86. You may need to include a dependency on a specific version of the CDP using something similar to `org.seleniumhq.selenium:selenium-devtools-v86:4.11.0` where the version ("v86") matches the version of the chromium-based browser you're using and the version number of the artifact is the same as Selenium's.
]]></system-err>
  </testcase>
</testsuite>